[debug] [2021-12-30T16:09:24.920Z] ----------------------------------------------------------------------
[debug] [2021-12-30T16:09:24.922Z] Command:       C:\Program Files\nodejs\node.exe C:\Users\Abhijeet\AppData\Roaming\npm\node_modules\firebase-tools\lib\bin\firebase.js init
[debug] [2021-12-30T16:09:24.922Z] CLI Version:   10.0.1
[debug] [2021-12-30T16:09:24.922Z] Platform:      win32
[debug] [2021-12-30T16:09:24.922Z] Node Version:  v14.17.5
[debug] [2021-12-30T16:09:24.923Z] Time:          Thu Dec 30 2021 21:39:24 GMT+0530 (India Standard Time)
[debug] [2021-12-30T16:09:24.923Z] ----------------------------------------------------------------------
[debug] 
[debug] [2021-12-30T16:09:24.926Z] >>> [apiv2][query] GET https://firebase-public.firebaseio.com/cli.json [none]
[debug] [2021-12-30T16:09:24.992Z] > command requires scopes: ["email","openid","https://www.googleapis.com/auth/cloudplatformprojects.readonly","https://www.googleapis.com/auth/firebase","https://www.googleapis.com/auth/cloud-platform"]
[debug] [2021-12-30T16:09:24.992Z] > authorizing via signed-in user (muneshwarabhijeet@gmail.com)
[info] 
     ######## #### ########  ######## ########     ###     ######  ########
     ##        ##  ##     ## ##       ##     ##  ##   ##  ##       ##
     ######    ##  ########  ######   ########  #########  ######  ######
     ##        ##  ##    ##  ##       ##     ## ##     ##       ## ##
     ##       #### ##     ## ######## ########  ##     ##  ######  ########

You're about to initialize a Firebase project in this directory:

  D:\Abhijeet works\oshop

Before we get started, keep in mind:

  * You are initializing within an existing Firebase project directory

[debug] [2021-12-30T16:09:26.269Z] <<< [apiv2][status] GET https://firebase-public.firebaseio.com/cli.json 200
[debug] [2021-12-30T16:09:26.270Z] <<< [apiv2][body] GET https://firebase-public.firebaseio.com/cli.json {"cloudBuildErrorAfter":1594252800000,"cloudBuildWarnAfter":1590019200000,"defaultNode10After":1594252800000,"minVersion":"3.0.5","node8DeploysDisabledAfter":1613390400000,"node8RuntimeDisabledAfter":1615809600000,"node8WarnAfter":1600128000000}
